<?xml version="1.0" encoding="UTF-8"?>
<!-- Generated by org.testng.reporters.JUnitXMLReporter -->
<testsuite ignored="0" hostname="DESKTOP-0GGVNTV" failures="3" tests="28" name="NextGenAI Module" time="0.292" errors="0" timestamp="2022-08-04T13:08:46 IST">
  <testcase classname="com.nextgenai.testngannotations.RegisterDemo" name="lauchApplication" time="0.012"/>
  <testcase classname="com.nextgenai.testngannotations.RegisterDemo" name="navigateToRegistrationForm" time="0.004"/>
  <testcase classname="com.nextgenai.testngannotations.RegisterDemo" name="registerForDemo" time="0.004"/>
  <testcase classname="com.nextgenai.testngannotations.RegisterDemo" name="closeApplication" time="0.005"/>
  <testcase classname="com.nextgenai.testngannotations.BankingApplicationAssertValidation" name="launchApplication" time="0.006"/>
  <testcase classname="com.nextgenai.testngannotations.BankingApplicationAssertValidation" name="loginUser" time="0.001"/>
  <testcase classname="com.nextgenai.testngannotations.BankingApplicationAssertValidation" name="checkSavingAccountBalance" time="0.004">
    <failure type="java.lang.AssertionError" message="expected [Saving Account Balance] but found [Not Saving Account Balance]">
      <![CDATA[java.lang.AssertionError: expected [Saving Account Balance] but found [Not Saving Account Balance]
at com.nextgenai.testngannotations.BankingApplicationAssertValidation.checkSavingAccountBalance(BankingApplicationAssertValidation.java:28)
at java.base/java.util.ArrayList.forEach(ArrayList.java:1541)
... Removed 33 stack frames]]>
    </failure>
  </testcase> <!-- checkSavingAccountBalance -->
  <testcase classname="com.nextgenai.testngannotations.BankingApplicationAssertValidation" name="checkCurrentAccountBalance" time="0.002"/>
  <testcase classname="com.nextgenai.testngannotations.BankingApplicationAssertValidation" name="logout" time="0.001"/>
  <testcase classname="com.nextgenai.testngannotations.BankingApplicationAssertValidation" name="closeApplication" time="0.001"/>
  <testcase classname="com.nextgenai.testngannotations.BankingApplicationHardDependency" name="launchApplication" time="0.005">
    <failure type="java.lang.AssertionError" message="expected [Page Title] but found [Not Page Title]">
      <![CDATA[java.lang.AssertionError: expected [Page Title] but found [Not Page Title]
at com.nextgenai.testngannotations.BankingApplicationHardDependency.launchApplication(BankingApplicationHardDependency.java:16)
at java.base/java.util.ArrayList.forEach(ArrayList.java:1541)
... Removed 33 stack frames]]>
    </failure>
  </testcase> <!-- launchApplication -->
  <testcase classname="com.nextgenai.testngannotations.BankingApplicationHardDependency" name="loginUser" time="0.0">
    <skipped/>
  </testcase> <!-- loginUser -->
  <testcase classname="com.nextgenai.testngannotations.BankingApplicationHardDependency" name="checkSavingAccountBalance" time="0.0">
    <skipped/>
  </testcase> <!-- checkSavingAccountBalance -->
  <testcase classname="com.nextgenai.testngannotations.BankingApplicationHardDependency" name="checkCurrentAccountBalance" time="0.0">
    <skipped/>
  </testcase> <!-- checkCurrentAccountBalance -->
  <testcase classname="com.nextgenai.testngannotations.BankingApplicationHardDependency" name="closeApplication" time="0.0">
    <skipped/>
  </testcase> <!-- closeApplication -->
  <testcase classname="com.nextgenai.testngannotations.BankingApplicationSoftDependency" name="launchApplication" time="0.002">
    <failure type="java.lang.AssertionError" message="expected [Page Title] but found [Not Page Title]">
      <![CDATA[java.lang.AssertionError: expected [Page Title] but found [Not Page Title]
at com.nextgenai.testngannotations.BankingApplicationSoftDependency.launchApplication(BankingApplicationSoftDependency.java:16)
at java.base/java.util.ArrayList.forEach(ArrayList.java:1541)
... Removed 33 stack frames]]>
    </failure>
  </testcase> <!-- launchApplication -->
  <testcase classname="com.nextgenai.testngannotations.BankingApplicationSoftDependency" name="loginUser" time="0.0">
    <skipped/>
  </testcase> <!-- loginUser -->
  <testcase classname="com.nextgenai.testngannotations.BankingApplicationSoftDependency" name="checkSavingAccountBalance" time="0.0">
    <skipped/>
  </testcase> <!-- checkSavingAccountBalance -->
  <testcase classname="com.nextgenai.testngannotations.BankingApplicationSoftDependency" name="checkCurrentAccountBalance" time="0.0">
    <skipped/>
  </testcase> <!-- checkCurrentAccountBalance -->
  <testcase classname="com.nextgenai.testngannotations.BankingApplicationSoftDependency" name="closeApplication" time="0.007"/>
  <testcase classname="com.nextgenai.beforeafterannotations.ScreenNavigation" name="navigateRequestDemoPage" time="0.003"/>
  <testcase classname="com.nextgenai.beforeafterannotations.ScreenNavigation" name="navigateToAlertandPopup" time="0.002"/>
  <testcase classname="com.nextgenai.beforeafterannotations.ScreenNavigation" name="navigateToMultipleWindows" time="0.001"/>
  <testcase classname="com.nextgenai.beforeafterannotations.ScreenNavigation" name="navigateToWebTable" time="0.004"/>
  <testcase classname="com.nextgenai.beforeafterannotations.ScreenNavigationForClass" name="navigateRequestDemoPage" time="0.002"/>
  <testcase classname="com.nextgenai.beforeafterannotations.ScreenNavigationForClass" name="navigateToAlertandPopup" time="0.003"/>
  <testcase classname="com.nextgenai.beforeafterannotations.ScreenNavigationForClass" name="navigateToMultipleWindows" time="0.002"/>
  <testcase classname="com.nextgenai.beforeafterannotations.ScreenNavigationForClass" name="navigateToWebTable" time="0.002"/>
</testsuite> <!-- NextGenAI Module -->
